TN:
SF:src/index.ts
FN:12,checkPortStatus
FN:18,(anonymous_1)
FN:19,(anonymous_2)
FN:20,(anonymous_3)
FN:22,(anonymous_4)
FN:33,(anonymous_5)
FN:57,parseArgs
FN:135,main
FN:140,(anonymous_8)
FN:151,(anonymous_9)
FN:152,(anonymous_10)
FN:153,(anonymous_11)
FN:157,(anonymous_12)
FN:170,(anonymous_13)
FNF:14
FNH:0
FNDA:0,checkPortStatus
FNDA:0,(anonymous_1)
FNDA:0,(anonymous_2)
FNDA:0,(anonymous_3)
FNDA:0,(anonymous_4)
FNDA:0,(anonymous_5)
FNDA:0,parseArgs
FNDA:0,main
FNDA:0,(anonymous_8)
FNDA:0,(anonymous_9)
FNDA:0,(anonymous_10)
FNDA:0,(anonymous_11)
FNDA:0,(anonymous_12)
FNDA:0,(anonymous_13)
DA:9,0
DA:13,0
DA:15,0
DA:17,0
DA:18,0
DA:19,0
DA:20,0
DA:22,0
DA:25,0
DA:26,0
DA:28,0
DA:31,0
DA:32,0
DA:33,0
DA:35,0
DA:36,0
DA:37,0
DA:38,0
DA:39,0
DA:40,0
DA:42,0
DA:45,0
DA:48,0
DA:52,0
DA:58,0
DA:59,0
DA:61,0
DA:62,0
DA:63,0
DA:65,0
DA:67,0
DA:68,0
DA:70,0
DA:71,0
DA:72,0
DA:74,0
DA:77,0
DA:128,0
DA:132,0
DA:136,0
DA:137,0
DA:140,0
DA:141,0
DA:142,0
DA:143,0
DA:144,0
DA:146,0
DA:147,0
DA:151,0
DA:152,0
DA:153,0
DA:154,0
DA:155,0
DA:157,0
DA:158,0
DA:159,0
DA:162,0
DA:163,0
DA:165,0
DA:166,0
DA:170,0
DA:171,0
DA:172,0
LF:63
LH:0
BRDA:25,0,0,0
BRDA:25,0,1,0
BRDA:35,1,0,0
BRDA:65,2,0,0
BRDA:65,2,1,0
BRDA:65,2,2,0
BRDA:65,2,3,0
BRDA:67,3,0,0
BRDA:70,4,0,0
BRF:9
BRH:0
end_of_record
TN:
SF:src/mcp-server.ts
FN:28,(anonymous_0)
FN:49,(anonymous_1)
FN:56,(anonymous_2)
FN:58,(anonymous_3)
FN:65,(anonymous_4)
FN:92,(anonymous_5)
FN:101,(anonymous_6)
FN:106,(anonymous_7)
FN:114,(anonymous_8)
FNF:9
FNH:0
FNDA:0,(anonymous_0)
FNDA:0,(anonymous_1)
FNDA:0,(anonymous_2)
FNDA:0,(anonymous_3)
FNDA:0,(anonymous_4)
FNDA:0,(anonymous_5)
FNDA:0,(anonymous_6)
FNDA:0,(anonymous_7)
FNDA:0,(anonymous_8)
DA:17,0
DA:18,0
DA:19,0
DA:20,0
DA:29,0
DA:32,0
DA:45,0
DA:48,0
DA:49,0
DA:53,0
DA:58,0
DA:59,0
DA:65,0
DA:66,0
DA:68,0
DA:69,0
DA:71,0
DA:73,0
DA:79,0
DA:94,0
DA:97,0
DA:98,0
DA:102,0
DA:103,0
DA:107,0
DA:115,0
LF:26
LH:0
BRDA:28,0,0,0
BRDA:69,1,0,0
BRDA:69,1,1,0
BRDA:71,2,0,0
BRDA:71,2,1,0
BRF:5
BRH:0
end_of_record
TN:
SF:src/handlers/component-handlers.ts
FN:15,(anonymous_0)
FN:19,(anonymous_1)
FN:119,(anonymous_2)
FN:130,(anonymous_3)
FN:174,(anonymous_4)
FNF:5
FNH:0
FNDA:0,(anonymous_0)
FNDA:0,(anonymous_1)
FNDA:0,(anonymous_2)
FNDA:0,(anonymous_3)
FNDA:0,(anonymous_4)
DA:16,0
DA:20,0
DA:120,0
DA:122,0
DA:124,0
DA:126,0
DA:131,0
DA:132,0
DA:135,0
DA:136,0
DA:138,0
DA:139,0
DA:141,0
DA:142,0
DA:145,0
DA:158,0
DA:159,0
DA:163,0
DA:165,0
DA:175,0
DA:176,0
DA:179,0
DA:180,0
DA:182,0
DA:183,0
DA:185,0
DA:186,0
DA:188,0
DA:189,0
DA:192,0
DA:205,0
DA:206,0
DA:210,0
DA:212,0
LF:34
LH:0
BRDA:120,0,0,0
BRDA:120,0,1,0
BRDA:120,0,2,0
BRDA:135,1,0,0
BRDA:135,2,0,0
BRDA:135,2,1,0
BRDA:138,3,0,0
BRDA:138,4,0,0
BRDA:138,4,1,0
BRDA:141,5,0,0
BRDA:141,6,0,0
BRDA:141,6,1,0
BRDA:158,7,0,0
BRDA:159,8,0,0
BRDA:159,8,1,0
BRDA:163,9,0,0
BRDA:163,9,1,0
BRDA:179,10,0,0
BRDA:179,11,0,0
BRDA:179,11,1,0
BRDA:182,12,0,0
BRDA:182,13,0,0
BRDA:182,13,1,0
BRDA:185,14,0,0
BRDA:185,15,0,0
BRDA:185,15,1,0
BRDA:188,16,0,0
BRDA:188,17,0,0
BRDA:188,17,1,0
BRDA:205,18,0,0
BRDA:206,19,0,0
BRDA:206,19,1,0
BRDA:210,20,0,0
BRDA:210,20,1,0
BRF:34
BRH:0
end_of_record
TN:
SF:src/handlers/index.ts
FN:16,(anonymous_0)
FN:30,(anonymous_1)
FN:32,(anonymous_2)
FN:38,(anonymous_3)
FN:52,(anonymous_4)
FN:56,(anonymous_5)
FN:76,(anonymous_6)
FN:91,(anonymous_7)
FNF:8
FNH:0
FNDA:0,(anonymous_0)
FNDA:0,(anonymous_1)
FNDA:0,(anonymous_2)
FNDA:0,(anonymous_3)
FNDA:0,(anonymous_4)
FNDA:0,(anonymous_5)
FNDA:0,(anonymous_6)
FNDA:0,(anonymous_7)
DA:12,0
DA:13,0
DA:17,0
DA:19,0
DA:20,0
DA:21,0
DA:22,0
DA:23,0
DA:24,0
DA:27,0
DA:31,0
DA:32,0
DA:33,0
DA:34,0
DA:39,0
DA:45,0
DA:53,0
DA:58,0
DA:59,0
DA:63,0
DA:64,0
DA:68,0
DA:69,0
DA:70,0
DA:73,0
DA:77,0
DA:82,0
DA:92,0
DA:93,0
DA:97,0
DA:106,0
DA:107,0
DA:108,0
DA:110,0
DA:127,0
LF:35
LH:0
BRDA:58,0,0,0
BRDA:63,1,0,0
BRDA:69,2,0,0
BRDA:92,3,0,0
BRDA:118,4,0,0
BRDA:118,4,1,0
BRDA:125,5,0,0
BRDA:125,5,1,0
BRF:8
BRH:0
end_of_record
TN:
SF:src/handlers/layout-handlers.ts
FN:7,(anonymous_0)
FN:11,(anonymous_1)
FN:62,(anonymous_2)
FN:75,(anonymous_3)
FN:108,(anonymous_4)
FN:135,(anonymous_5)
FNF:6
FNH:0
FNDA:0,(anonymous_0)
FNDA:0,(anonymous_1)
FNDA:0,(anonymous_2)
FNDA:0,(anonymous_3)
FNDA:0,(anonymous_4)
FNDA:0,(anonymous_5)
DA:8,0
DA:12,0
DA:63,0
DA:65,0
DA:67,0
DA:69,0
DA:71,0
DA:76,0
DA:77,0
DA:79,0
DA:95,0
DA:96,0
DA:99,0
DA:109,0
DA:110,0
DA:112,0
DA:122,0
DA:123,0
DA:126,0
DA:136,0
DA:138,0
DA:152,0
DA:153,0
DA:156,0
LF:24
LH:0
BRDA:63,0,0,0
BRDA:63,0,1,0
BRDA:63,0,2,0
BRDA:63,0,3,0
BRDA:95,1,0,0
BRDA:96,2,0,0
BRDA:96,2,1,0
BRDA:122,3,0,0
BRDA:123,4,0,0
BRDA:123,4,1,0
BRDA:152,5,0,0
BRDA:153,6,0,0
BRDA:153,6,1,0
BRF:13
BRH:0
end_of_record
TN:
SF:src/handlers/node-handlers.ts
FN:8,(anonymous_0)
FN:12,(anonymous_1)
FN:115,(anonymous_2)
FN:130,(anonymous_3)
FN:204,(anonymous_4)
FN:229,(anonymous_5)
FN:367,(anonymous_6)
FN:384,(anonymous_7)
FNF:8
FNH:0
FNDA:0,(anonymous_0)
FNDA:0,(anonymous_1)
FNDA:0,(anonymous_2)
FNDA:0,(anonymous_3)
FNDA:0,(anonymous_4)
FNDA:0,(anonymous_5)
FNDA:0,(anonymous_6)
FNDA:0,(anonymous_7)
DA:9,0
DA:13,0
DA:116,0
DA:118,0
DA:120,0
DA:122,0
DA:124,0
DA:126,0
DA:131,0
DA:132,0
DA:135,0
DA:137,0
DA:149,0
DA:153,0
DA:156,0
DA:157,0
DA:159,0
DA:160,0
DA:162,0
DA:163,0
DA:165,0
DA:166,0
DA:171,0
DA:172,0
DA:173,0
DA:174,0
DA:175,0
DA:176,0
DA:180,0
DA:185,0
DA:186,0
DA:189,0
DA:197,0
DA:198,0
DA:200,0
DA:205,0
DA:207,0
DA:210,0
DA:211,0
DA:215,0
DA:216,0
DA:220,0
DA:221,0
DA:222,0
DA:229,0
DA:230,0
DA:235,0
DA:236,0
DA:242,0
DA:243,0
DA:244,0
DA:245,0
DA:246,0
DA:247,0
DA:253,0
DA:254,0
DA:260,0
DA:264,0
DA:302,0
DA:303,0
DA:310,0
DA:315,0
DA:316,0
DA:320,0
DA:322,0
DA:323,0
DA:325,0
DA:328,0
DA:329,0
DA:330,0
DA:331,0
DA:335,0
DA:336,0
DA:339,0
DA:340,0
DA:343,0
DA:352,0
DA:357,0
DA:368,0
DA:370,0
DA:375,0
DA:385,0
DA:386,0
DA:391,0
DA:393,0
DA:394,0
DA:396,0
DA:400,0
DA:401,0
DA:404,0
DA:408,0
DA:409,0
DA:412,0
DA:416,0
DA:417,0
DA:420,0
DA:423,0
DA:424,0
DA:427,0
LF:99
LH:0
BRDA:116,0,0,0
BRDA:116,0,1,0
BRDA:116,0,2,0
BRDA:116,0,3,0
BRDA:116,0,4,0
BRDA:135,1,0,0
BRDA:156,2,0,0
BRDA:157,3,0,0
BRDA:157,3,1,0
BRDA:157,3,2,0
BRDA:171,4,0,0
BRDA:171,4,1,0
BRDA:171,5,0,0
BRDA:171,5,1,0
BRDA:172,6,0,0
BRDA:173,7,0,0
BRDA:174,8,0,0
BRDA:175,9,0,0
BRDA:176,10,0,0
BRDA:185,11,0,0
BRDA:186,12,0,0
BRDA:186,12,1,0
BRDA:197,13,0,0
BRDA:197,14,0,0
BRDA:197,14,1,0
BRDA:200,15,0,0
BRDA:200,15,1,0
BRDA:210,16,0,0
BRDA:215,17,0,0
BRDA:221,18,0,0
BRDA:224,19,0,0
BRDA:224,19,1,0
BRDA:235,20,0,0
BRDA:235,21,0,0
BRDA:235,21,1,0
BRDA:237,22,0,0
BRDA:237,22,1,0
BRDA:237,22,2,0
BRDA:238,23,0,0
BRDA:238,23,1,0
BRDA:242,24,0,0
BRDA:243,25,0,0
BRDA:244,26,0,0
BRDA:245,27,0,0
BRDA:246,28,0,0
BRDA:253,29,0,0
BRDA:267,30,0,0
BRDA:267,30,1,0
BRDA:268,31,0,0
BRDA:268,31,1,0
BRDA:274,32,0,0
BRDA:274,32,1,0
BRDA:275,33,0,0
BRDA:275,33,1,0
BRDA:277,34,0,0
BRDA:277,34,1,0
BRDA:302,35,0,0
BRDA:315,36,0,0
BRDA:316,37,0,0
BRDA:316,37,1,0
BRDA:322,38,0,0
BRDA:324,39,0,0
BRDA:324,39,1,0
BRDA:328,40,0,0
BRDA:330,41,0,0
BRDA:335,42,0,0
BRDA:335,43,0,0
BRDA:335,43,1,0
BRDA:339,44,0,0
BRDA:339,45,0,0
BRDA:339,45,1,0
BRDA:353,46,0,0
BRDA:353,46,1,0
BRDA:391,47,0,0
BRDA:391,47,1,0
BRDA:391,47,2,0
BRDA:391,47,3,0
BRDA:393,48,0,0
BRDA:393,49,0,0
BRDA:393,49,1,0
BRDA:423,50,0,0
BRDA:424,51,0,0
BRDA:424,51,1,0
BRF:83
BRH:0
end_of_record
TN:
SF:src/handlers/selection-handlers.ts
FN:7,(anonymous_0)
FN:11,(anonymous_1)
FN:79,(anonymous_2)
FN:94,(anonymous_3)
FN:153,(anonymous_4)
FN:167,(anonymous_5)
FN:182,(anonymous_6)
FNF:7
FNH:0
FNDA:0,(anonymous_0)
FNDA:0,(anonymous_1)
FNDA:0,(anonymous_2)
FNDA:0,(anonymous_3)
FNDA:0,(anonymous_4)
FNDA:0,(anonymous_5)
FNDA:0,(anonymous_6)
DA:8,0
DA:12,0
DA:80,0
DA:82,0
DA:84,0
DA:86,0
DA:88,0
DA:90,0
DA:96,0
DA:98,0
DA:99,0
DA:104,0
DA:113,0
DA:115,0
DA:116,0
DA:122,0
DA:123,0
DA:126,0
DA:127,0
DA:130,0
DA:138,0
DA:143,0
DA:154,0
DA:158,0
DA:168,0
DA:173,0
DA:183,0
DA:188,0
DA:189,0
DA:192,0
LF:30
LH:0
BRDA:80,0,0,0
BRDA:80,0,1,0
BRDA:80,0,2,0
BRDA:80,0,3,0
BRDA:80,0,4,0
BRDA:98,1,0,0
BRDA:122,2,0,0
BRDA:126,3,0,0
BRDA:127,4,0,0
BRDA:127,4,1,0
BRDA:139,5,0,0
BRDA:139,5,1,0
BRDA:167,6,0,0
BRDA:188,7,0,0
BRDA:189,8,0,0
BRDA:189,8,1,0
BRF:16
BRH:0
end_of_record
TN:
SF:src/handlers/style-handlers.ts
FN:7,(anonymous_0)
FN:11,(anonymous_1)
FN:31,(anonymous_2)
FN:40,(anonymous_3)
FNF:4
FNH:0
FNDA:0,(anonymous_0)
FNDA:0,(anonymous_1)
FNDA:0,(anonymous_2)
FNDA:0,(anonymous_3)
DA:8,0
DA:12,0
DA:32,0
DA:34,0
DA:36,0
DA:41,0
DA:42,0
DA:44,0
DA:49,0
DA:57,0
DA:58,0
LF:11
LH:0
BRDA:32,0,0,0
BRDA:32,0,1,0
BRF:2
BRH:0
end_of_record
TN:
SF:src/handlers/variable-handlers.ts
FN:15,(anonymous_9)
FN:19,(anonymous_10)
FN:148,(anonymous_11)
FN:159,(anonymous_12)
FN:216,(anonymous_13)
FNF:5
FNH:5
FNDA:18,(anonymous_9)
FNDA:2,(anonymous_10)
FNDA:3,(anonymous_11)
FNDA:11,(anonymous_12)
FNDA:15,(anonymous_13)
DA:1,1
DA:10,1
DA:12,1
DA:16,18
DA:20,2
DA:149,3
DA:151,1
DA:153,1
DA:155,1
DA:160,11
DA:161,10
DA:163,10
DA:164,0
DA:167,10
DA:168,1
DA:171,9
DA:172,3
DA:175,6
DA:176,1
DA:179,5
DA:180,1
DA:183,4
DA:184,1
DA:187,3
DA:201,3
DA:202,1
DA:205,2
DA:207,2
DA:217,15
DA:232,15
DA:234,15
DA:235,0
DA:238,15
DA:239,1
DA:242,14
DA:243,3
DA:246,11
DA:247,1
DA:250,10
DA:251,2
DA:252,1
DA:254,1
DA:255,1
DA:259,8
DA:260,2
DA:261,1
DA:263,1
DA:264,1
DA:268,6
DA:269,3
DA:270,1
DA:274,5
DA:293,5
DA:294,0
DA:297,5
DA:299,5
LF:56
LH:53
BRDA:149,0,0,1
BRDA:149,0,1,1
BRDA:149,0,2,1
BRDA:163,1,0,0
BRDA:167,2,0,1
BRDA:167,3,0,10
BRDA:167,3,1,2
BRDA:171,4,0,3
BRDA:171,5,0,9
BRDA:171,5,1,7
BRDA:175,6,0,1
BRDA:175,7,0,6
BRDA:175,7,1,1
BRDA:179,8,0,1
BRDA:179,9,0,5
BRDA:179,9,1,1
BRDA:179,9,2,1
BRDA:183,10,0,1
BRDA:183,11,0,4
BRDA:183,11,1,1
BRDA:201,12,0,1
BRDA:202,13,0,1
BRDA:202,13,1,0
BRDA:205,14,0,2
BRDA:205,14,1,0
BRDA:234,15,0,0
BRDA:238,16,0,1
BRDA:238,17,0,15
BRDA:238,17,1,2
BRDA:238,17,2,1
BRDA:238,17,3,1
BRDA:242,18,0,3
BRDA:242,19,0,14
BRDA:242,19,1,4
BRDA:246,20,0,1
BRDA:246,21,0,11
BRDA:246,21,1,2
BRDA:250,22,0,2
BRDA:251,23,0,1
BRDA:251,24,0,2
BRDA:251,24,1,1
BRDA:254,25,0,1
BRDA:254,26,0,1
BRDA:254,26,1,1
BRDA:259,27,0,2
BRDA:260,28,0,1
BRDA:263,29,0,1
BRDA:263,30,0,1
BRDA:263,30,1,1
BRDA:268,31,0,3
BRDA:269,32,0,1
BRDA:269,33,0,3
BRDA:269,33,1,2
BRDA:293,34,0,0
BRDA:294,35,0,0
BRDA:294,35,1,0
BRDA:297,36,0,5
BRDA:297,36,1,0
BRF:58
BRH:50
end_of_record
TN:
SF:src/utils/color-utils.ts
FN:1,hexToRgb
FN:14,rgbToHex
FN:15,(anonymous_2)
FN:24,validateHexColor
FN:34,normalizeHexColor
FN:43,(anonymous_5)
FNF:6
FNH:0
FNDA:0,hexToRgb
FNDA:0,rgbToHex
FNDA:0,(anonymous_2)
FNDA:0,validateHexColor
FNDA:0,normalizeHexColor
FNDA:0,(anonymous_5)
DA:3,0
DA:6,0
DA:7,0
DA:8,0
DA:9,0
DA:11,0
DA:15,0
DA:16,0
DA:17,0
DA:18,0
DA:21,0
DA:25,0
DA:28,0
DA:31,0
DA:35,0
DA:36,0
DA:39,0
DA:42,0
DA:43,0
DA:46,0
LF:20
LH:0
BRDA:18,0,0,0
BRDA:18,0,1,0
BRDA:25,1,0,0
BRDA:35,2,0,0
BRDA:42,3,0,0
BRF:5
BRH:0
end_of_record
TN:
SF:src/utils/port-utils.ts
FN:7,checkPortAvailable
FN:8,(anonymous_1)
FN:11,(anonymous_2)
FN:12,(anonymous_3)
FN:15,(anonymous_4)
FN:19,findZombieProcesses
FN:22,(anonymous_6)
FN:29,killZombieProcesses
FN:35,(anonymous_8)
FN:42,findAvailablePort
FNF:10
FNH:0
FNDA:0,checkPortAvailable
FNDA:0,(anonymous_1)
FNDA:0,(anonymous_2)
FNDA:0,(anonymous_3)
FNDA:0,(anonymous_4)
FNDA:0,findZombieProcesses
FNDA:0,(anonymous_6)
FNDA:0,killZombieProcesses
FNDA:0,(anonymous_8)
FNDA:0,findAvailablePort
DA:5,0
DA:8,0
DA:9,0
DA:11,0
DA:12,0
DA:15,0
DA:20,0
DA:21,0
DA:22,0
DA:25,0
DA:30,0
DA:31,0
DA:32,0
DA:33,0
DA:35,0
DA:37,0
DA:43,0
DA:44,0
DA:45,0
DA:48,0
LF:20
LH:0
BRDA:42,0,0,0
BRDA:44,1,0,0
BRF:2
BRH:0
end_of_record
TN:
SF:src/websocket/websocket-server.ts
FN:24,(anonymous_0)
FN:48,(anonymous_1)
FN:86,(anonymous_2)
FN:94,(anonymous_3)
FN:95,(anonymous_4)
FN:104,(anonymous_5)
FN:121,(anonymous_6)
FN:130,(anonymous_7)
FN:131,(anonymous_8)
FN:137,(anonymous_9)
FN:143,(anonymous_10)
FN:159,(anonymous_11)
FN:163,(anonymous_12)
FN:173,(anonymous_13)
FN:205,(anonymous_14)
FN:232,(anonymous_15)
FN:240,(anonymous_16)
FN:257,(anonymous_17)
FN:266,(anonymous_18)
FN:270,(anonymous_19)
FN:271,(anonymous_20)
FN:297,(anonymous_21)
FN:302,(anonymous_22)
FN:325,(anonymous_23)
FN:326,(anonymous_24)
FN:335,(anonymous_25)
FN:348,(anonymous_26)
FN:353,(anonymous_27)
FN:363,(anonymous_28)
FN:365,(anonymous_29)
FN:376,(anonymous_30)
FN:384,(anonymous_31)
FN:390,(anonymous_32)
FN:406,(anonymous_33)
FN:410,(anonymous_34)
FN:414,(anonymous_35)
FN:439,(anonymous_36)
FN:448,(anonymous_37)
FN:455,(anonymous_38)
FN:456,(anonymous_39)
FN:465,(anonymous_40)
FN:472,(anonymous_41)
FN:478,(anonymous_42)
FN:482,(anonymous_43)
FN:486,(anonymous_44)
FN:490,(anonymous_45)
FN:493,(anonymous_46)
FN:498,(anonymous_47)
FN:503,(anonymous_48)
FNF:49
FNH:0
FNDA:0,(anonymous_0)
FNDA:0,(anonymous_1)
FNDA:0,(anonymous_2)
FNDA:0,(anonymous_3)
FNDA:0,(anonymous_4)
FNDA:0,(anonymous_5)
FNDA:0,(anonymous_6)
FNDA:0,(anonymous_7)
FNDA:0,(anonymous_8)
FNDA:0,(anonymous_9)
FNDA:0,(anonymous_10)
FNDA:0,(anonymous_11)
FNDA:0,(anonymous_12)
FNDA:0,(anonymous_13)
FNDA:0,(anonymous_14)
FNDA:0,(anonymous_15)
FNDA:0,(anonymous_16)
FNDA:0,(anonymous_17)
FNDA:0,(anonymous_18)
FNDA:0,(anonymous_19)
FNDA:0,(anonymous_20)
FNDA:0,(anonymous_21)
FNDA:0,(anonymous_22)
FNDA:0,(anonymous_23)
FNDA:0,(anonymous_24)
FNDA:0,(anonymous_25)
FNDA:0,(anonymous_26)
FNDA:0,(anonymous_27)
FNDA:0,(anonymous_28)
FNDA:0,(anonymous_29)
FNDA:0,(anonymous_30)
FNDA:0,(anonymous_31)
FNDA:0,(anonymous_32)
FNDA:0,(anonymous_33)
FNDA:0,(anonymous_34)
FNDA:0,(anonymous_35)
FNDA:0,(anonymous_36)
FNDA:0,(anonymous_37)
FNDA:0,(anonymous_38)
FNDA:0,(anonymous_39)
FNDA:0,(anonymous_40)
FNDA:0,(anonymous_41)
FNDA:0,(anonymous_42)
FNDA:0,(anonymous_43)
FNDA:0,(anonymous_44)
FNDA:0,(anonymous_45)
FNDA:0,(anonymous_46)
FNDA:0,(anonymous_47)
FNDA:0,(anonymous_48)
DA:8,0
DA:9,0
DA:13,0
DA:14,0
DA:15,0
DA:16,0
DA:21,0
DA:22,0
DA:25,0
DA:28,0
DA:39,0
DA:49,0
DA:50,0
DA:53,0
DA:55,0
DA:57,0
DA:59,0
DA:60,0
DA:63,0
DA:65,0
DA:66,0
DA:67,0
DA:69,0
DA:74,0
DA:75,0
DA:76,0
DA:78,0
DA:84,0
DA:86,0
DA:87,0
DA:88,0
DA:90,0
DA:94,0
DA:95,0
DA:96,0
DA:97,0
DA:98,0
DA:104,0
DA:105,0
DA:106,0
DA:107,0
DA:108,0
DA:111,0
DA:116,0
DA:119,0
DA:121,0
DA:127,0
DA:131,0
DA:132,0
DA:133,0
DA:138,0
DA:141,0
DA:142,0
DA:143,0
DA:147,0
DA:150,0
DA:151,0
DA:152,0
DA:153,0
DA:155,0
DA:160,0
DA:161,0
DA:163,0
DA:164,0
DA:165,0
DA:166,0
DA:167,0
DA:169,0
DA:174,0
DA:175,0
DA:176,0
DA:177,0
DA:178,0
DA:179,0
DA:182,0
DA:183,0
DA:187,0
DA:188,0
DA:189,0
DA:190,0
DA:194,0
DA:195,0
DA:196,0
DA:200,0
DA:201,0
DA:207,0
DA:208,0
DA:209,0
DA:213,0
DA:216,0
DA:217,0
DA:219,0
DA:221,0
DA:222,0
DA:223,0
DA:224,0
DA:226,0
DA:227,0
DA:228,0
DA:233,0
DA:234,0
DA:236,0
DA:237,0
DA:240,0
DA:241,0
DA:242,0
DA:243,0
DA:244,0
DA:246,0
DA:247,0
DA:248,0
DA:250,0
DA:251,0
DA:258,0
DA:261,0
DA:262,0
DA:267,0
DA:268,0
DA:270,0
DA:271,0
DA:272,0
DA:273,0
DA:276,0
DA:288,0
DA:291,0
DA:292,0
DA:298,0
DA:304,0
DA:306,0
DA:307,0
DA:308,0
DA:309,0
DA:310,0
DA:311,0
DA:315,0
DA:318,0
DA:319,0
DA:320,0
DA:321,0
DA:326,0
DA:327,0
DA:328,0
DA:332,0
DA:336,0
DA:337,0
DA:341,0
DA:342,0
DA:344,0
DA:349,0
DA:354,0
DA:355,0
DA:357,0
DA:359,0
DA:360,0
DA:364,0
DA:365,0
DA:366,0
DA:371,0
DA:373,0
DA:376,0
DA:379,0
DA:380,0
DA:382,0
DA:383,0
DA:384,0
DA:385,0
DA:391,0
DA:392,0
DA:395,0
DA:397,0
DA:398,0
DA:400,0
DA:401,0
DA:402,0
DA:407,0
DA:411,0
DA:416,0
DA:417,0
DA:418,0
DA:421,0
DA:422,0
DA:423,0
DA:426,0
DA:427,0
DA:428,0
DA:432,0
DA:433,0
DA:434,0
DA:436,0
DA:439,0
DA:440,0
DA:441,0
DA:443,0
DA:446,0
DA:447,0
DA:448,0
DA:449,0
DA:452,0
DA:456,0
DA:457,0
DA:458,0
DA:460,0
DA:466,0
DA:467,0
DA:470,0
DA:472,0
DA:479,0
DA:483,0
DA:487,0
DA:491,0
DA:493,0
DA:499,0
DA:504,0
LF:213
LH:0
BRDA:55,0,0,0
BRDA:59,1,0,0
BRDA:59,1,1,0
BRDA:63,2,0,0
BRDA:87,3,0,0
BRDA:87,3,1,0
BRDA:105,4,0,0
BRDA:119,5,0,0
BRDA:119,5,1,0
BRDA:141,6,0,0
BRDA:150,7,0,0
BRDA:150,7,1,0
BRDA:152,8,0,0
BRDA:152,8,1,0
BRDA:152,9,0,0
BRDA:152,9,1,0
BRDA:164,10,0,0
BRDA:174,11,0,0
BRDA:187,12,0,0
BRDA:194,13,0,0
BRDA:194,14,0,0
BRDA:194,14,1,0
BRDA:200,15,0,0
BRDA:208,16,0,0
BRDA:221,17,0,0
BRDA:221,17,1,0
BRDA:227,18,0,0
BRDA:227,18,1,0
BRDA:228,19,0,0
BRDA:228,19,1,0
BRDA:234,20,0,0
BRDA:241,21,0,0
BRDA:246,22,0,0
BRDA:246,22,1,0
BRDA:251,23,0,0
BRDA:251,23,1,0
BRDA:261,24,0,0
BRDA:266,25,0,0
BRDA:291,26,0,0
BRDA:298,27,0,0
BRDA:298,27,1,0
BRDA:309,28,0,0
BRDA:318,29,0,0
BRDA:327,30,0,0
BRDA:336,31,0,0
BRDA:336,32,0,0
BRDA:336,32,1,0
BRDA:341,33,0,0
BRDA:341,33,1,0
BRDA:349,34,0,0
BRDA:349,34,1,0
BRDA:357,35,0,0
BRDA:392,36,0,0
BRDA:392,37,0,0
BRDA:392,37,1,0
BRDA:411,38,0,0
BRDA:411,38,1,0
BRDA:416,39,0,0
BRDA:421,40,0,0
BRDA:426,41,0,0
BRDA:432,42,0,0
BRDA:457,43,0,0
BRDA:457,43,1,0
BRDA:466,44,0,0
BRF:64
BRH:0
end_of_record
